<?xml version="1.0" encoding="UTF-8"?>
<!-- Generated by org.testng.reporters.JUnitXMLReporter -->
<testsuite ignored="0" hostname="DESKTOP-F5BF6VH" failures="0" tests="4" name="Test-Leads" time="168.138" errors="0" timestamp="2022-07-04T15:40:42 IST">
  <testcase classname="ddt.testcases.TC002" name="TC002_EditLead" time="25.05"/>
  <testcase classname="ddt.testcases.TC002" name="TC002_EditLead" time="22.275"/>
  <testcase classname="ddt.testcases.TC004" name="TC004_DeleteLead" time="31.227"/>
  <testcase classname="ddt.testcases.TC004" name="TC004_DeleteLead" time="28.507"/>
</testsuite> <!-- Test-Leads -->
